<?xml version="1.0" encoding="UTF-8"?>
<!-- Generated by org.testng.reporters.JUnitReportReporter -->
<testsuite hostname="Meenakshis-MacBook-Pro.local" failures="0" tests="5" name="com.testcases.Homepagetest2" time="12.752" errors="0" timestamp="2023-05-04T22:30:48 CDT" skipped="0">
  <testcase classname="com.testcases.Homepagetest2" name="usernametest" time="4.018"/>
  <system-out/>
  <testcase classname="com.testcases.Homepagetest2" name="usernametest" time="1.803"/>
  <system-out/>
  <testcase classname="com.testcases.Homepagetest2" name="usernametest" time="1.676"/>
  <system-out/>
  <testcase classname="com.testcases.Homepagetest2" name="usernametest" time="3.544"/>
  <system-out/>
  <testcase classname="com.testcases.Homepagetest2" name="usernametest" time="1.711"/>
  <system-out/>
</testsuite> <!-- com.testcases.Homepagetest2 -->
